Release 14.7 - xst P.20131013 (lin64)
Copyright (c) 1995-2013 Xilinx, Inc.  All rights reserved.
--> 
Parameter TMPDIR set to xst/projnav.tmp


Total REAL time to Xst completion: 0.00 secs
Total CPU time to Xst completion: 0.00 secs
 
--> 
Parameter xsthdpdir set to xst


Total REAL time to Xst completion: 0.00 secs
Total CPU time to Xst completion: 0.00 secs
 
--> 
Reading design: Oscilador50MHz.prj

TABLE OF CONTENTS
  1) Synthesis Options Summary
  2) HDL Compilation
  3) Design Hierarchy Analysis
  4) HDL Analysis
  5) HDL Synthesis
     5.1) HDL Synthesis Report
  6) Advanced HDL Synthesis
     6.1) Advanced HDL Synthesis Report
  7) Low Level Synthesis
  8) Partition Report
  9) Final Report
	9.1) Device utilization summary
	9.2) Partition Resource Summary
	9.3) TIMING REPORT


=========================================================================
*                      Synthesis Options Summary                        *
=========================================================================
---- Source Parameters
Input File Name                    : "Oscilador50MHz.prj"
Input Format                       : mixed
Ignore Synthesis Constraint File   : NO

---- Target Parameters
Output File Name                   : "Oscilador50MHz"
Output Format                      : NGC
Target Device                      : xc3s1600e-4-fg320

---- Source Options
Top Module Name                    : Oscilador50MHz
Automatic FSM Extraction           : YES
FSM Encoding Algorithm             : Auto
Safe Implementation                : No
FSM Style                          : LUT
RAM Extraction                     : Yes
RAM Style                          : Auto
ROM Extraction                     : Yes
Mux Style                          : Auto
Decoder Extraction                 : YES
Priority Encoder Extraction        : Yes
Shift Register Extraction          : YES
Logical Shifter Extraction         : YES
XOR Collapsing                     : YES
ROM Style                          : Auto
Mux Extraction                     : Yes
Resource Sharing                   : YES
Asynchronous To Synchronous        : NO
Multiplier Style                   : Auto
Automatic Register Balancing       : No

---- Target Options
Add IO Buffers                     : YES
Global Maximum Fanout              : 500
Add Generic Clock Buffer(BUFG)     : 24
Register Duplication               : YES
Slice Packing                      : YES
Optimize Instantiated Primitives   : NO
Use Clock Enable                   : Yes
Use Synchronous Set                : Yes
Use Synchronous Reset              : Yes
Pack IO Registers into IOBs        : Auto
Equivalent register Removal        : YES

---- General Options
Optimization Goal                  : Speed
Optimization Effort                : 1
Keep Hierarchy                     : No
Netlist Hierarchy                  : As_Optimized
RTL Output                         : Yes
Global Optimization                : AllClockNets
Read Cores                         : YES
Write Timing Constraints           : NO
Cross Clock Analysis               : NO
Hierarchy Separator                : /
Bus Delimiter                      : <>
Case Specifier                     : Maintain
Slice Utilization Ratio            : 100
BRAM Utilization Ratio             : 100
Verilog 2001                       : YES
Auto BRAM Packing                  : NO
Slice Utilization Ratio Delta      : 5

=========================================================================


=========================================================================
*                          HDL Compilation                              *
=========================================================================
Compiling vhdl file "/home/ise/Gabriel/Desktop/Tareas TAdE/TareaOscilador/Oscilador50MHz.vhd" in Library work.
WARNING:HDLParsers:3530 - Time stamp of file "/home/ise/Gabriel/Desktop/Tareas TAdE/TareaOscilador/Oscilador50MHz.vhd" is newer than current system time.
Architecture behavioral of Entity oscilador50mhz is up to date.

=========================================================================
*                     Design Hierarchy Analysis                         *
=========================================================================
Analyzing hierarchy for entity <Oscilador50MHz> in library <work> (architecture <behavioral>).


=========================================================================
*                            HDL Analysis                               *
=========================================================================
Analyzing Entity <Oscilador50MHz> in library <work> (Architecture <behavioral>).
Entity <Oscilador50MHz> analyzed. Unit <Oscilador50MHz> generated.


=========================================================================
*                           HDL Synthesis                               *
=========================================================================

Performing bidirectional port resolution...

Synthesizing Unit <Oscilador50MHz>.
    Related source file is "/home/ise/Gabriel/Desktop/Tareas TAdE/TareaOscilador/Oscilador50MHz.vhd".
    Found 1-bit register for signal <led>.
    Found 27-bit up counter for signal <conteo>.
    Summary:
	inferred   1 Counter(s).
	inferred   1 D-type flip-flop(s).
Unit <Oscilador50MHz> synthesized.


=========================================================================
HDL Synthesis Report

Macro Statistics
# Counters                                             : 1
 27-bit up counter                                     : 1
# Registers                                            : 1
 1-bit register                                        : 1

=========================================================================

=========================================================================
*                       Advanced HDL Synthesis                          *
=========================================================================


=========================================================================
Advanced HDL Synthesis Report

Macro Statistics
# Counters                                             : 1
 27-bit up counter                                     : 1
# Registers                                            : 1
 Flip-Flops                                            : 1

=========================================================================

=========================================================================
*                         Low Level Synthesis                           *
=========================================================================

Optimizing unit <Oscilador50MHz> ...

Mapping all equations...
Building and optimizing final netlist ...
Found area constraint ratio of 100 (+ 5) on block Oscilador50MHz, actual ratio is 0.

Final Macro Processing ...

=========================================================================
Final Register Report

Macro Statistics
# Registers                                            : 28
 Flip-Flops                                            : 28

=========================================================================

=========================================================================
*                           Partition Report                            *
=========================================================================

Partition Implementation Status
-------------------------------

  No Partitions were found in this design.

-------------------------------

=========================================================================
*                            Final Report                               *
=========================================================================
Final Results
RTL Top Level Output File Name     : Oscilador50MHz.ngr
Top Level Output File Name         : Oscilador50MHz
Output Format                      : NGC
Optimization Goal                  : Speed
Keep Hierarchy                     : No

Design Statistics
# IOs                              : 2

Cell Usage :
# BELS                             : 97
#      GND                         : 1
#      INV                         : 2
#      LUT1                        : 26
#      LUT3                        : 1
#      LUT4                        : 6
#      MUXCY                       : 33
#      VCC                         : 1
#      XORCY                       : 27
# FlipFlops/Latches                : 28
#      FDE                         : 1
#      FDR                         : 27
# Clock Buffers                    : 1
#      BUFGP                       : 1
# IO Buffers                       : 1
#      OBUF                        : 1
=========================================================================

Device utilization summary:
---------------------------

Selected Device : 3s1600efg320-4 

 Number of Slices:                       19  out of  14752     0%  
 Number of Slice Flip Flops:             28  out of  29504     0%  
 Number of 4 input LUTs:                 35  out of  29504     0%  
 Number of IOs:                           2
 Number of bonded IOBs:                   2  out of    250     0%  
 Number of GCLKs:                         1  out of     24     4%  

---------------------------
Partition Resource Summary:
---------------------------

  No Partitions were found in this design.

---------------------------


=========================================================================
TIMING REPORT

NOTE: THESE TIMING NUMBERS ARE ONLY A SYNTHESIS ESTIMATE.
      FOR ACCURATE TIMING INFORMATION PLEASE REFER TO THE TRACE REPORT
      GENERATED AFTER PLACE-and-ROUTE.

Clock Information:
------------------
-----------------------------------+------------------------+-------+
Clock Signal                       | Clock buffer(FF name)  | Load  |
-----------------------------------+------------------------+-------+
clk                                | BUFGP                  | 28    |
-----------------------------------+------------------------+-------+

Asynchronous Control Signals Information:
----------------------------------------
No asynchronous control signals found in this design

Timing Summary:
---------------
Speed Grade: -4

   Minimum period: 5.179ns (Maximum Frequency: 193.089MHz)
   Minimum input arrival time before clock: No path found
   Maximum output required time after clock: 4.310ns
   Maximum combinational path delay: No path found

Timing Detail:
--------------
All values displayed in nanoseconds (ns)

=========================================================================
Timing constraint: Default period analysis for Clock 'clk'
  Clock period: 5.179ns (frequency: 193.089MHz)
  Total number of paths / destination ports: 1135 / 56
-------------------------------------------------------------------------
Delay:               5.179ns (Levels of Logic = 8)
  Source:            conteo_7 (FF)
  Destination:       conteo_0 (FF)
  Source Clock:      clk rising
  Destination Clock: clk rising

  Data Path: conteo_7 to conteo_0
                                Gate     Net
    Cell:in->out      fanout   Delay   Delay  Logical Name (Net Name)
    ----------------------------------------  ------------
     FDR:C->Q              2   0.591   0.622  conteo_7 (conteo_7)
     LUT3:I0->O            1   0.704   0.000  led_cmp_eq0000_wg_lut<0> (led_cmp_eq0000_wg_lut<0>)
     MUXCY:S->O            1   0.464   0.000  led_cmp_eq0000_wg_cy<0> (led_cmp_eq0000_wg_cy<0>)
     MUXCY:CI->O           1   0.059   0.000  led_cmp_eq0000_wg_cy<1> (led_cmp_eq0000_wg_cy<1>)
     MUXCY:CI->O           1   0.059   0.000  led_cmp_eq0000_wg_cy<2> (led_cmp_eq0000_wg_cy<2>)
     MUXCY:CI->O           1   0.059   0.000  led_cmp_eq0000_wg_cy<3> (led_cmp_eq0000_wg_cy<3>)
     MUXCY:CI->O           1   0.059   0.000  led_cmp_eq0000_wg_cy<4> (led_cmp_eq0000_wg_cy<4>)
     MUXCY:CI->O           1   0.059   0.000  led_cmp_eq0000_wg_cy<5> (led_cmp_eq0000_wg_cy<5>)
     MUXCY:CI->O          28   0.331   1.261  led_cmp_eq0000_wg_cy<6> (led_cmp_eq0000)
     FDR:R                     0.911          conteo_0
    ----------------------------------------
    Total                      5.179ns (3.296ns logic, 1.883ns route)
                                       (63.6% logic, 36.4% route)

=========================================================================
Timing constraint: Default OFFSET OUT AFTER for Clock 'clk'
  Total number of paths / destination ports: 1 / 1
-------------------------------------------------------------------------
Offset:              4.310ns (Levels of Logic = 1)
  Source:            led (FF)
  Destination:       led (PAD)
  Source Clock:      clk rising

  Data Path: led to led
                                Gate     Net
    Cell:in->out      fanout   Delay   Delay  Logical Name (Net Name)
    ----------------------------------------  ------------
     FDE:C->Q              2   0.591   0.447  led (led_OBUF)
     OBUF:I->O                 3.272          led_OBUF (led)
    ----------------------------------------
    Total                      4.310ns (3.863ns logic, 0.447ns route)
                                       (89.6% logic, 10.4% route)

=========================================================================


Total REAL time to Xst completion: 3.00 secs
Total CPU time to Xst completion: 1.60 secs
 
--> 


Total memory usage is 607636 kilobytes

Number of errors   :    0 (   0 filtered)
Number of warnings :    1 (   0 filtered)
Number of infos    :    0 (   0 filtered)

